Warning: lbr/quadparts_prebuilt.lbr:2-56-MOUNTING-HOLE-NO-METAL -- Package is missing '>NAME'.  Every package needs to a '>NAME' so the part's name will be visible on the board. (LibraryStyle.py:143:6D066D9D)
Error: lbr/quadparts_prebuilt.lbr:2-56-MOUNTING-HOLE-NO-METAL -- Nothing in tPlace.  Packages should include lines or shapes showing how the part should be placed on the board.  For ICs this should precisely show the location of four courners of the part.  For polarized parts, it should illustrate the polarity.  For other parts a full or partial outline of the part is sufficient. (LibraryStyle.py:195:5BCC0707)
Warning: lbr/quadparts_prebuilt.lbr:VIA-0.2MM -- Package is missing '>NAME'.  Every package needs to a '>NAME' so the part's name will be visible on the board. (LibraryStyle.py:143:4D63C431)
Error: lbr/quadparts_prebuilt.lbr:VIA-0.2MM -- Nothing in tKeepout.  All packages should include a keepout area to prevent parts from overlapping. (LibraryStyle.py:192:24EF0886)
Error: lbr/quadparts_prebuilt.lbr:VIA-0.2MM -- Nothing in tPlace.  Packages should include lines or shapes showing how the part should be placed on the board.  For ICs this should precisely show the location of four courners of the part.  For polarized parts, it should illustrate the polarity.  For other parts a full or partial outline of the part is sufficient. (LibraryStyle.py:195:3D854142)
Warning: lbr/quadparts_prebuilt.lbr:LAYER_LABELS -- Package is missing '>NAME'.  Every package needs to a '>NAME' so the part's name will be visible on the board. (LibraryStyle.py:143:3898894F)
Error: lbr/quadparts_prebuilt.lbr:ANT_PCB_2.4GHZ_NRF8001_1.6MM_1OZ_REV -- Nothing in tPlace.  Packages should include lines or shapes showing how the part should be placed on the board.  For ICs this should precisely show the location of four courners of the part.  For polarized parts, it should illustrate the polarity.  For other parts a full or partial outline of the part is sufficient. (LibraryStyle.py:195:0A8D9178)
Warning: lbr/quadparts_prebuilt.lbr:QUADCLASS_LOGO_SMALL -- Package is missing '>NAME'.  Every package needs to a '>NAME' so the part's name will be visible on the board. (LibraryStyle.py:143:3E2B0FC7)
Error: lbr/quadparts_prebuilt.lbr:QUADCLASS_LOGO_SMALL -- Nothing in tKeepout.  All packages should include a keepout area to prevent parts from overlapping. (LibraryStyle.py:192:4D3379EA)
Error: lbr/quadparts_prebuilt.lbr:QUADCLASS_LOGO_SMALL -- Wires found in Top layer.  You probably want an SMD instead. (LibraryStyle.py:199:2934AD42)
Error: lbr/quadparts_prebuilt.lbr:ANT_PCB_2.4GHZ_NRF8001_1.6MM_1OZ -- Nothing in tPlace.  Packages should include lines or shapes showing how the part should be placed on the board.  For ICs this should precisely show the location of four courners of the part.  For polarized parts, it should illustrate the polarity.  For other parts a full or partial outline of the part is sufficient. (LibraryStyle.py:195:36E2E893)
Warning: lbr/quadparts_prebuilt.lbr:QUADCLASS_LOGO -- Package is missing '>NAME'.  Every package needs to a '>NAME' so the part's name will be visible on the board. (LibraryStyle.py:143:2D11C98C)
Error: lbr/quadparts_prebuilt.lbr:QUADCLASS_LOGO -- Nothing in tKeepout.  All packages should include a keepout area to prevent parts from overlapping. (LibraryStyle.py:192:5B845EDA)
Error: lbr/quadparts_prebuilt.lbr:QUADCLASS_LOGO -- Wires found in Top layer.  You probably want an SMD instead. (LibraryStyle.py:199:52DC83BC)
Warning: lbr/quadparts_prebuilt.lbr:CLOCKWISE -- Package is missing '>NAME'.  Every package needs to a '>NAME' so the part's name will be visible on the board. (LibraryStyle.py:143:4A88F88F)
Error: lbr/quadparts_prebuilt.lbr:CLOCKWISE -- Nothing in tKeepout.  All packages should include a keepout area to prevent parts from overlapping. (LibraryStyle.py:192:5298591D)
Warning: lbr/quadparts_prebuilt.lbr:COUNTER-CLOCKWISE -- Package is missing '>NAME'.  Every package needs to a '>NAME' so the part's name will be visible on the board. (LibraryStyle.py:143:7CC549EWarning: lbr/quadparts_prebuilt.lbr:COUNTER-CLOCKWISE -- Package is missing '>NAME'.  Every package needs to a '>NAME' so the part's name will be visible on the board. (LibraryStyle.py:143:7CC549E4)
Error: lbr/quadparts_prebuilt.lbr:COUNTER-CLOCKWISE -- Nothing in tKeepout.  All packages should include a keepout area to prevent parts from overlapping. (LibraryStyle.py:192:2186666B)
Warning: quadparts_prebuilt:COUNTER-CLOCKWISE -- Package is missing '>NAME'.  Every package needs to a '>NAME' so the part's name will be visible on the board. (LibraryStyle.py:143:1F2D67BA)
Error: quadparts_prebuilt:COUNTER-CLOCKWISE -- Nothing in tKeepout.  All packages should include a keepout area to prevent parts from overlapping. (LibraryStyle.py:192:2BAD13F5)
Warning: quadparts_prebuilt:CLOCKWISE -- Package is missing '>NAME'.  Every package needs to a '>NAME' so the part's name will be visible on the board. (LibraryStyle.py:143:227A8588)
Error: quadparts_prebuilt:CLOCKWISE -- Nothing in tKeepout.  All packages should include a keepout area to prevent parts from overlapping. (LibraryStyle.py:192:2C65D80A)
